Arguments: 
  /home/sloh/.nvm/versions/node/v14.4.0/bin/node /home/sloh/.nvm/versions/node/v14.4.0/bin/yarn

PATH: 
  /home/sloh/.vscode-server/bin/622cb03f7e070a9670c94bae1a45d78d7181fbd4/bin:/home/sloh/.local/bin:/home/sloh/.nvm/versions/node/v14.4.0/bin:/usr/local/sbin:/usr/local/bin:/usr/sbin:/usr/bin:/sbin:/bin:/usr/games:/usr/local/games:/mnt/c/Program Files/WindowsApps/CanonicalGroupLimited.UbuntuonWindows_2004.2021.222.0_x64__79rhkp1fndgsc:/mnt/c/Program Files/Oculus/Support/oculus-runtime:/mnt/c/Program Files (x86)/Common Files/Oracle/Java/javapath:/mnt/c/Windows/system32:/mnt/c/Windows:/mnt/c/Windows/System32/Wbem:/mnt/c/Windows/System32/WindowsPowerShell/v1.0/:/mnt/c/Windows/System32/OpenSSH/:/mnt/c/Program Files/NVIDIA Corporation/NVIDIA NvDLISR:/mnt/c/Program Files (x86)/NVIDIA Corporation/PhysX/Common:/mnt/c/Program Files/dotnet/:/mnt/c/WINDOWS/system32:/mnt/c/WINDOWS:/mnt/c/WINDOWS/System32/Wbem:/mnt/c/WINDOWS/System32/WindowsPowerShell/v1.0/:/mnt/c/WINDOWS/System32/OpenSSH/:/mnt/c/Program Files/Git/cmd:/mnt/c/Program Files/nodejs/:/mnt/c/Program Files/Calibre2/:/mnt/c/Users/sloh/.cargo/bin:/mnt/c/Users/sloh/AppData/Local/Microsoft/WindowsApps:/mnt/c/Users/sloh/AppData/Local/Programs/Microsoft VS Code/bin:/mnt/c/Users/sloh/AppData/Roaming/npm:/snap/bin

Yarn version: 
  1.22.10

Node version: 
  14.4.0

Platform: 
  linux x64

Trace: 
  Error: 139842225588096:error:1408F119:SSL routines:ssl3_get_record:decryption failed or bad record mac:../deps/openssl/openssl/ssl/record/ssl3_record.c:677:

npm manifest: 
  {
    "name": "moving-oolong",
    "description": "Moving Oolong Website",
    "version": "1.0.0",
    "author": "Moving Oolong <movingoolong@gmail.com>",
    "dependencies": {
      "@material-ui/core": "^4.11.3",
      "@material-ui/icons": "^4.11.2",
      "@material-ui/styles": "^4.11.3",
      "algoliasearch": "^4.8.5",
      "clsx": "^1.1.1",
      "dotenv": "^8.2.0",
      "gatsby": "^3.0.2",
      "gatsby-alias-imports": "^1.0.6",
      "gatsby-background-image": "^1.4.1",
      "gatsby-image": "^2.11.0",
      "gatsby-plugin-algolia": "^0.16.3",
      "gatsby-plugin-catch-links": "^3.0.0",
      "gatsby-plugin-disqus": "^1.2.2",
      "gatsby-plugin-graphql-codegen": "^2.7.1",
      "gatsby-plugin-image": "^1.0.0",
      "gatsby-plugin-manifest": "^3.0.0",
      "gatsby-plugin-material-ui": "^2.1.10",
      "gatsby-plugin-netlify-cms": "^5.0.0",
      "gatsby-plugin-nprogress": "^3.0.0",
      "gatsby-plugin-offline": "^4.0.0",
      "gatsby-plugin-react-helmet": "^4.0.0",
      "gatsby-plugin-sharp": "^3.0.0",
      "gatsby-plugin-sitemap": "^3.0.0",
      "gatsby-plugin-transition-link": "^1.20.5",
      "gatsby-plugin-typegen": "^2.2.4",
      "gatsby-plugin-typescript": "^3.0.0",
      "gatsby-plugin-use-query-params": "^1.0.1",
      "gatsby-remark-autolink-headers": "^3.0.0",
      "gatsby-remark-copy-linked-files": "^3.0.0",
      "gatsby-remark-images": "^4.0.0",
      "gatsby-remark-prismjs": "^4.0.0",
      "gatsby-remark-relative-images": "^2.0.2",
      "gatsby-remark-responsive-iframe": "^3.0.0",
      "gatsby-source-filesystem": "^3.0.0",
      "gatsby-transformer-remark": "^3.0.0",
      "gatsby-transformer-sharp": "^3.0.0",
      "gsap": "^3.6.0",
      "intersection-observer": "^0.12.0",
      "moment": "^2.29.1",
      "netlify-cms-app": "^2.14.26",
      "prismjs": "^1.23.0",
      "react": "^17.0.1",
      "react-disqus-comments": "^1.4.0",
      "react-dom": "^17.0.1",
      "react-flip-toolkit": "^7.0.13",
      "react-helmet": "^6.1.0",
      "react-instantsearch-dom": "^6.10.3",
      "react-md": "^2.7.0",
      "react-share": "^4.4.0",
      "react-spring": "^8.0.27",
      "react-swipeable-views": "^0.13.9",
      "react-visibility-sensor": "^5.1.1",
      "url-join": "^4.0.1",
      "use-query-params": "^1.2.0"
    },
    "devDependencies": {
      "@types/node": "^14.14.31",
      "@types/react": "17.0.2",
      "@types/react-dom": "^17.0.1",
      "@types/react-instantsearch-dom": "^6.8.0",
      "@types/react-helmet": "^6.1.0",
      "cli-glob": "^0.1.0",
      "eslint": "^7.21.0",
      "eslint-config-airbnb": "^18.2.1",
      "eslint-config-prettier": "^8.1.0",
      "eslint-plugin-import": "^2.22.1",
      "eslint-plugin-jsx-a11y": "^6.4.1",
      "eslint-plugin-react": "^7.22.0",
      "prettier": "^2.2.1",
      "remark-cli": "^9.0.0",
      "remark-preset-lint-recommended": "^5.0.0",
      "stylefmt": "^6.0.3",
      "stylelint": "^13.11.0",
      "stylelint-config-standard": "^20.0.0",
      "typescript": "^4.2.3",
      "write-good": "^1.0.8"
    },
    "resolutions": {
      "graphql": "^15.4.0",
      "graphql-compose": "^7.25.0",
      "webpack": "^5.24.2"
    },
    "keywords": [
      "gatsby"
    ],
    "license": "MIT",
    "main": "n/a",
    "scripts": {
      "develop": "gatsby develop",
      "dev": "npm run develop",
      "serve": "gatsby serve",
      "build": "GATSBY_EXPERIMENTAL_PAGE_BUILD_ON_DATA_CHANGES=true gatsby build --log-pages",
      "build:pp": "gatsby build --prefix-paths",
      "build:gh": "npm run clean && npm run build:pp && gh-pages -d public",
      "clean": "rm -rf public && rm -rf .cache",
      "lint:js": "eslint --ext .js,.jsx .",
      "lint:md": "remark content/posts/",
      "write-good": "write-good $(glob 'content/posts/**/*.md')",
      "format:js": "prettier '**/*.{js,jsx,ts,tsx}' --write"
    },
    "remarkConfig": {
      "plugins": [
        "remark-preset-lint-recommended"
      ]
    }
  }

yarn manifest: 
  No manifest

Lockfile: 
  No lockfile
